<?xml version="1.0" encoding="UTF-8"?>
<!-- Generated by org.testng.reporters.JUnitXMLReporter -->
<testsuite hostname="עמית-HP" ignored="0" name="Test" tests="2" failures="0" timestamp="07 אפר 2021 04:54:14 GMT" time="11.253" errors="0">
  <testcase name="@BeforeTest initializeDriver" time="4.133" classname="ShufersalMiron.Sprod.Validation">
    <failure type="org.openqa.selenium.InvalidArgumentException" message="invalid argument: user data directory is already in use, please specify a unique value for --user-data-dir argument, or don&amp;apos;t use --user-data-dir
Build info: version: &amp;apos;4.0.0-alpha-4&amp;apos;, revision: &amp;apos;c2d955b49e&amp;apos;
System info: host: &amp;apos;עמית-HP&amp;apos;, ip: &amp;apos;192.168.14.116&amp;apos;, os.name: &amp;apos;Windows 7&amp;apos;, os.arch: &amp;apos;amd64&amp;apos;, os.version: &amp;apos;6.1&amp;apos;, java.version: &amp;apos;1.8.0_281&amp;apos;
Driver info: driver.version: ChromeDriver
remote stacktrace: Backtrace:
	GetHandleVerifier [0x00E7B963+483]
	GetHandleVerifier [0x00E7B941+449]
	GetHandleVerifier [0x01223308+3832712]
	GetHandleVerifier [0x0123ABB9+3929145]
	GetHandleVerifier [0x01237D9C+3917340]
	GetHandleVerifier [0x0125E7FE+4075646]
	GetHandleVerifier [0x0125E56C+4074988]
	GetHandleVerifier [0x0125B2EB+4062059]
	GetHandleVerifier [0x0123ED14+3945876]
	GetHandleVerifier [0x0123FBCE+3949646]
	GetHandleVerifier [0x0123FB59+3949529]
	Ordinal0 [0x00E3B5CC+46540]
	Ordinal0 [0x00E39F53+40787]
	Ordinal0 [0x00E39B12+39698]
	GetHandleVerifier [0x01141468+2907368]
	GetHandleVerifier [0x00F871EE+1096302]
	GetHandleVerifier [0x00F43E8D+821005]
	GetHandleVerifier [0x00F4396B+819691]
	GetHandleVerifier [0x00F43881+819457]
	GetHandleVerifier [0x00F6F463+998627]
	BaseThreadInitThunk [0x76ED343D+18]
	RtlInitializeExceptionChain [0x775B9812+99]
	RtlInitializeExceptionChain [0x775B97E5+54]
">
      <![CDATA[org.openqa.selenium.InvalidArgumentException: invalid argument: user data directory is already in use, please specify a unique value for --user-data-dir argument, or don't use --user-data-dir
Build info: version: '4.0.0-alpha-4', revision: 'c2d955b49e'
System info: host: 'עמית-HP', ip: '192.168.14.116', os.name: 'Windows 7', os.arch: 'amd64', os.version: '6.1', java.version: '1.8.0_281'
Driver info: driver.version: ChromeDriver
remote stacktrace: Backtrace:
GetHandleVerifier [0x00E7B963+483]
GetHandleVerifier [0x00E7B941+449]
GetHandleVerifier [0x01223308+3832712]
GetHandleVerifier [0x0123ABB9+3929145]
GetHandleVerifier [0x01237D9C+3917340]
GetHandleVerifier [0x0125E7FE+4075646]
GetHandleVerifier [0x0125E56C+4074988]
GetHandleVerifier [0x0125B2EB+4062059]
GetHandleVerifier [0x0123ED14+3945876]
GetHandleVerifier [0x0123FBCE+3949646]
GetHandleVerifier [0x0123FB59+3949529]
Ordinal0 [0x00E3B5CC+46540]
Ordinal0 [0x00E39F53+40787]
Ordinal0 [0x00E39B12+39698]
GetHandleVerifier [0x01141468+2907368]
GetHandleVerifier [0x00F871EE+1096302]
GetHandleVerifier [0x00F43E8D+821005]
GetHandleVerifier [0x00F4396B+819691]
GetHandleVerifier [0x00F43881+819457]
GetHandleVerifier [0x00F6F463+998627]
BaseThreadInitThunk [0x76ED343D+18]
RtlInitializeExceptionChain [0x775B9812+99]
RtlInitializeExceptionChain [0x775B97E5+54]

at org.openqa.selenium.remote.W3CHandshakeResponse.lambda$errorHandler$0(W3CHandshakeResponse.java:62)
at org.openqa.selenium.remote.HandshakeResponse.lambda$getResponseFunction$0(HandshakeResponse.java:30)
at org.openqa.selenium.remote.ProtocolHandshake.lambda$createSession$1(ProtocolHandshake.java:126)
at java.util.stream.ReferencePipeline$3$1.accept(Unknown Source)
at java.util.Spliterators$ArraySpliterator.tryAdvance(Unknown Source)
at java.util.stream.ReferencePipeline.forEachWithCancel(Unknown Source)
at java.util.stream.AbstractPipeline.copyIntoWithCancel(Unknown Source)
at java.util.stream.AbstractPipeline.copyInto(Unknown Source)
at java.util.stream.AbstractPipeline.wrapAndCopyInto(Unknown Source)
at java.util.stream.FindOps$FindOp.evaluateSequential(Unknown Source)
at java.util.stream.AbstractPipeline.evaluate(Unknown Source)
at java.util.stream.ReferencePipeline.findFirst(Unknown Source)
at org.openqa.selenium.remote.ProtocolHandshake.createSession(ProtocolHandshake.java:128)
at org.openqa.selenium.remote.ProtocolHandshake.createSession(ProtocolHandshake.java:75)
at org.openqa.selenium.remote.HttpCommandExecutor.execute(HttpCommandExecutor.java:139)
at org.openqa.selenium.remote.service.DriverCommandExecutor.execute(DriverCommandExecutor.java:83)
at org.openqa.selenium.remote.RemoteWebDriver.execute(RemoteWebDriver.java:582)
at org.openqa.selenium.remote.RemoteWebDriver.startSession(RemoteWebDriver.java:216)
at org.openqa.selenium.remote.RemoteWebDriver.<init>(RemoteWebDriver.java:136)
at org.openqa.selenium.chromium.ChromiumDriver.<init>(ChromiumDriver.java:75)
at org.openqa.selenium.chrome.ChromeDriver.<init>(ChromeDriver.java:163)
at org.openqa.selenium.chrome.ChromeDriver.<init>(ChromeDriver.java:150)
at org.openqa.selenium.chrome.ChromeDriver.<init>(ChromeDriver.java:139)
at ShufersalMiron.Sprod.Validation.initializeDriver(Validation.java:37)
... Removed 28 stack frames]]>
    </failure>
  </testcase> <!-- @BeforeTest initializeDriver -->
  <testcase name="Add" time="0.0" classname="ShufersalMiron.Sprod.Order">
    <skipped/>
  </testcase> <!-- Add -->
  <testcase name="ValidaionCategory" time="0.0" classname="ShufersalMiron.Sprod.Validation">
    <skipped/>
  </testcase> <!-- ValidaionCategory -->
</testsuite> <!-- Test -->
